<?xml version="1.0" encoding="UTF-8" ?>
<testsuite tests="1" failures="0" name="UtilsTest" time="0.003" errors="0" skipped="0">
  <properties>
    <property name="idea.version" value="2022.1.2"/>
    <property name="java.runtime.name" value="Java(TM) SE Runtime Environment"/>
    <property name="sun.boot.library.path" value="C:\Program Files\Java\jdk1.8.0_301\jre\bin"/>
    <property name="java.vm.version" value="25.301-b09"/>
    <property name="user.country.format" value="US"/>
    <property name="java.vm.vendor" value="Oracle Corporation"/>
    <property name="maven.multiModuleProjectDirectory" value="C:\Users\leewi9\Downloads\hsbc_homework\AuthService"/>
    <property name="java.vendor.url" value="http://java.oracle.com/"/>
    <property name="path.separator" value=";"/>
    <property name="guice.disable.misplaced.annotation.check" value="true"/>
    <property name="java.vm.name" value="Java HotSpot(TM) 64-Bit Server VM"/>
    <property name="file.encoding.pkg" value="sun.io"/>
    <property name="user.script" value=""/>
    <property name="user.country" value="CN"/>
    <property name="sun.java.launcher" value="SUN_STANDARD"/>
    <property name="sun.os.patch.level" value=""/>
    <property name="java.vm.specification.name" value="Java Virtual Machine Specification"/>
    <property name="user.dir" value="C:\Users\leewi9\Downloads\hsbc_homework\AuthService"/>
    <property name="java.runtime.version" value="1.8.0_301-b09"/>
    <property name="java.awt.graphicsenv" value="sun.awt.Win32GraphicsEnvironment"/>
    <property name="java.endorsed.dirs" value="C:\Program Files\Java\jdk1.8.0_301\jre\lib\endorsed"/>
    <property name="os.arch" value="amd64"/>
    <property name="java.io.tmpdir" value="C:\Users\leewi9\AppData\Local\Temp\"/>
    <property name="line.separator" value="
"/>
    <property name="java.vm.specification.vendor" value="Oracle Corporation"/>
    <property name="user.variant" value=""/>
    <property name="os.name" value="Windows 10"/>
    <property name="maven.ext.class.path" value="C:\Users\leewi9\AppData\Local\JetBrains\Toolbox\apps\IDEA-U\ch-0\221.5787.30\plugins\maven\lib\maven-event-listener.jar"/>
    <property name="classworlds.conf" value="C:\Users\leewi9\AppData\Local\JetBrains\Toolbox\apps\IDEA-U\ch-0\221.5787.30\plugins\maven\lib\maven3\bin\m2.conf"/>
    <property name="sun.jnu.encoding" value="GBK"/>
    <property name="java.library.path" value="C:\Program Files\Java\jdk1.8.0_301\bin;C:\Windows\Sun\Java\bin;C:\Windows\system32;C:\Windows;c:\program files\nvidia gpu computing toolkit\cuda\v11.3\bin;c:\program files\nvidia gpu computing toolkit\cuda\v11.3\libnvvp;c:\tools\cuda\11.3\cudnn-11.3-windows-x64-v8.2.1.32\cuda\bin;c:\vnstudio\scripts;c:\vnstudio\;c:\program files (x86)\vmware\vmware workstation\bin\;c:\program files (x86)\common files\oracle\java\javapath;c:\windows\system32;c:\windows;c:\windows\system32\wbem;c:\windows\system32\windowspowershell\v1.0\;c:\windows\system32\openssh\;c:\program files\go\bin;c:\program files\dotnet\;c:\program files\nodejs\;c:\program files (x86)\aomei\aomei backupper\6.5.0;c:\program files (x86)\dotnet\;c:\program files\git\cmd;c:\program files (x86)\netsarang\xshell 7\;c:\hashicorp\vagrant\bin;c:\program files\docker\docker\resources\bin;c:\program files\calibre2\;c:\tools\ffmpeg-4.4-full_build\bin;c:\program files\graphviz\bin;c:\program files\java\jdk1.8.0_301\bin;c:\program files\nvidia corporation\nsight compute 2021.1.0\;C:\Program Files (x86)\NVIDIA Corporation\PhysX\Common;C:\Program Files\NVIDIA Corporation\NVIDIA NvDLISR;C:\Program Files\Process Lasso\;%USERPROFILE%\AppData\Local\Microsoft\WindowsApps;C:\Users\leewi9\AppData\Local\Programs\Microsoft VS Code\bin;%USERPROFILE%\go\bin;%USERPROFILE%\.dotnet\tools;C:\Users\leewi9\AppData\Roaming\npm;C:\texlive\2021\bin\win32;C:\Wind\Wind.NET.Client\WindNET\bin;C:\Wind\Wind.NET.Client\WindNET\x64;."/>
    <property name="maven.conf" value="C:\Users\leewi9\AppData\Local\JetBrains\Toolbox\apps\IDEA-U\ch-0\221.5787.30\plugins\maven\lib\maven3/conf"/>
    <property name="java.specification.name" value="Java Platform API Specification"/>
    <property name="java.class.version" value="52.0"/>
    <property name="sun.management.compiler" value="HotSpot 64-Bit Tiered Compilers"/>
    <property name="os.version" value="10.0"/>
    <property name="user.home" value="C:\Users\leewi9"/>
    <property name="user.timezone" value="Asia/Shanghai"/>
    <property name="java.awt.printerjob" value="sun.awt.windows.WPrinterJob"/>
    <property name="java.specification.version" value="1.8"/>
    <property name="file.encoding" value="UTF-8"/>
    <property name="user.name" value="leewi9"/>
    <property name="java.class.path" value="C:\Users\leewi9\AppData\Local\JetBrains\Toolbox\apps\IDEA-U\ch-0\221.5787.30\plugins\maven\lib\maven3\boot\plexus-classworlds-2.6.0.jar;C:\Users\leewi9\AppData\Local\JetBrains\Toolbox\apps\IDEA-U\ch-0\221.5787.30\plugins\maven\lib\maven3\boot\plexus-classworlds.license;C:\Users\leewi9\AppData\Local\JetBrains\Toolbox\apps\IDEA-U\ch-0\221.5787.30\lib\idea_rt.jar"/>
    <property name="java.vm.specification.version" value="1.8"/>
    <property name="sun.arch.data.model" value="64"/>
    <property name="java.home" value="C:\Program Files\Java\jdk1.8.0_301\jre"/>
    <property name="sun.java.command" value="org.codehaus.classworlds.Launcher -Didea.version=2022.1.2 test"/>
    <property name="java.specification.vendor" value="Oracle Corporation"/>
    <property name="user.language" value="zh"/>
    <property name="user.language.format" value="en"/>
    <property name="awt.toolkit" value="sun.awt.windows.WToolkit"/>
    <property name="java.vm.info" value="mixed mode"/>
    <property name="java.version" value="1.8.0_301"/>
    <property name="java.ext.dirs" value="C:\Program Files\Java\jdk1.8.0_301\jre\lib\ext;C:\Windows\Sun\Java\lib\ext"/>
    <property name="sun.boot.class.path" value="C:\Program Files\Java\jdk1.8.0_301\jre\lib\resources.jar;C:\Program Files\Java\jdk1.8.0_301\jre\lib\rt.jar;C:\Program Files\Java\jdk1.8.0_301\jre\lib\sunrsasign.jar;C:\Program Files\Java\jdk1.8.0_301\jre\lib\jsse.jar;C:\Program Files\Java\jdk1.8.0_301\jre\lib\jce.jar;C:\Program Files\Java\jdk1.8.0_301\jre\lib\charsets.jar;C:\Program Files\Java\jdk1.8.0_301\jre\lib\jfr.jar;C:\Program Files\Java\jdk1.8.0_301\jre\classes"/>
    <property name="java.vendor" value="Oracle Corporation"/>
    <property name="maven.home" value="C:\Users\leewi9\AppData\Local\JetBrains\Toolbox\apps\IDEA-U\ch-0\221.5787.30\plugins\maven\lib\maven3"/>
    <property name="file.separator" value="\"/>
    <property name="java.vendor.url.bug" value="http://bugreport.sun.com/bugreport/"/>
    <property name="sun.cpu.endian" value="little"/>
    <property name="sun.io.unicode.encoding" value="UnicodeLittle"/>
    <property name="sun.desktop" value="windows"/>
    <property name="sun.cpu.isalist" value="amd64"/>
  </properties>
  <testcase classname="UtilsTest" name="testCheckToken" time="0.003"/>
</testsuite>